[debug] [2021-10-23T14:52:02.923Z] ----------------------------------------------------------------------
[debug] [2021-10-23T14:52:02.925Z] Command:       C:\Program Files\nodejs\node.exe C:\Users\mdrai\AppData\Roaming\npm\node_modules\firebase-tools\lib\bin\firebase.js deploy
[debug] [2021-10-23T14:52:02.925Z] CLI Version:   9.21.0
[debug] [2021-10-23T14:52:02.926Z] Platform:      win32
[debug] [2021-10-23T14:52:02.926Z] Node Version:  v14.18.0
[debug] [2021-10-23T14:52:02.926Z] Time:          Sat Oct 23 2021 20:52:02 GMT+0600 (Bangladesh Standard Time)
[debug] [2021-10-23T14:52:02.926Z] ----------------------------------------------------------------------
[debug] 
[debug] [2021-10-23T14:52:02.981Z] > command requires scopes: ["email","openid","https://www.googleapis.com/auth/cloudplatformprojects.readonly","https://www.googleapis.com/auth/firebase","https://www.googleapis.com/auth/cloud-platform"]
[debug] [2021-10-23T14:52:02.981Z] > authorizing via signed-in user (md.raisul.islam1332@gmail.com)
[debug] [2021-10-23T14:52:02.981Z] [iam] checking project dohar-general-hospital for permissions ["firebase.projects.get","firebasehosting.sites.update"]
[debug] [2021-10-23T14:52:02.984Z] >>> HTTP REQUEST POST https://cloudresourcemanager.googleapis.com/v1/projects/dohar-general-hospital:testIamPermissions  
 {"permissions":["firebase.projects.get","firebasehosting.sites.update"]}
[debug] [2021-10-23T14:52:09.640Z] <<< HTTP RESPONSE 200 {"content-type":"application/json; charset=UTF-8","vary":"X-Origin, Referer, Origin,Accept-Encoding","date":"Sat, 23 Oct 2021 14:52:26 GMT","server":"ESF","cache-control":"private","x-xss-protection":"0","x-frame-options":"SAMEORIGIN","x-content-type-options":"nosniff","server-timing":"gfet4t7; dur=1374","alt-svc":"h3=\":443\"; ma=2592000,h3-29=\":443\"; ma=2592000,h3-Q050=\":443\"; ma=2592000,h3-Q046=\":443\"; ma=2592000,h3-Q043=\":443\"; ma=2592000","accept-ranges":"none","transfer-encoding":"chunked"}
[debug] [2021-10-23T14:52:09.642Z] > refreshing access token with scopes: []
[debug] [2021-10-23T14:52:09.642Z] >>> HTTP REQUEST POST https://www.googleapis.com/oauth2/v3/token  
 <request body omitted>
[debug] [2021-10-23T14:52:09.969Z] <<< HTTP RESPONSE 200 {"cache-control":"no-cache, no-store, max-age=0, must-revalidate","pragma":"no-cache","expires":"Mon, 01 Jan 1990 00:00:00 GMT","date":"Sat, 23 Oct 2021 14:52:26 GMT","content-type":"application/json; charset=utf-8","vary":"X-Origin, Referer, Origin,Accept-Encoding","server":"scaffolding on HTTPServer2","x-xss-protection":"0","x-frame-options":"SAMEORIGIN","x-content-type-options":"nosniff","alt-svc":"h3=\":443\"; ma=2592000,h3-29=\":443\"; ma=2592000,h3-Q050=\":443\"; ma=2592000,h3-Q046=\":443\"; ma=2592000,h3-Q043=\":443\"; ma=2592000","accept-ranges":"none","transfer-encoding":"chunked"}
[debug] [2021-10-23T14:52:09.977Z] >>> [apiv2][query] GET https://firebase.googleapis.com/v1beta1/projects/dohar-general-hospital [none]
[debug] [2021-10-23T14:52:10.650Z] <<< [apiv2][status] GET https://firebase.googleapis.com/v1beta1/projects/dohar-general-hospital 200
[debug] [2021-10-23T14:52:10.650Z] <<< [apiv2][body] GET https://firebase.googleapis.com/v1beta1/projects/dohar-general-hospital {"projectId":"dohar-general-hospital","projectNumber":"493533176679","displayName":"Dohar General Hospital","name":"projects/dohar-general-hospital","resources":{"hostingSite":"dohar-general-hospital"},"state":"ACTIVE"}
[info] 
[info] === Deploying to 'dohar-general-hospital'...
[info] 
[info] i  deploying hosting 
[debug] [2021-10-23T14:52:10.654Z] > refreshing access token with scopes: ["email","https://www.googleapis.com/auth/cloud-platform","https://www.googleapis.com/auth/cloudplatformprojects.readonly","https://www.googleapis.com/auth/firebase","openid"]
[debug] [2021-10-23T14:52:10.655Z] >>> HTTP REQUEST POST https://www.googleapis.com/oauth2/v3/token  
 <request body omitted>
[debug] [2021-10-23T14:52:10.993Z] <<< HTTP RESPONSE 200 {"date":"Sat, 23 Oct 2021 14:52:27 GMT","expires":"Mon, 01 Jan 1990 00:00:00 GMT","cache-control":"no-cache, no-store, max-age=0, must-revalidate","pragma":"no-cache","content-type":"application/json; charset=utf-8","vary":"X-Origin, Referer, Origin,Accept-Encoding","server":"scaffolding on HTTPServer2","x-xss-protection":"0","x-frame-options":"SAMEORIGIN","x-content-type-options":"nosniff","alt-svc":"h3=\":443\"; ma=2592000,h3-29=\":443\"; ma=2592000,h3-Q050=\":443\"; ma=2592000,h3-Q046=\":443\"; ma=2592000,h3-Q043=\":443\"; ma=2592000","accept-ranges":"none","transfer-encoding":"chunked"}
[debug] [2021-10-23T14:52:10.999Z] >>> HTTP REQUEST POST https://firebasehosting.googleapis.com/v1beta1/sites/dohar-general-hospital/versions  
 {"config":{"rewrites":[{"glob":"**","path":"/index.html"}]},"labels":{"deployment-tool":"cli-firebase"}}
[debug] [2021-10-23T14:52:13.150Z] <<< HTTP RESPONSE 200 {"content-type":"application/json; charset=UTF-8","vary":"X-Origin, Referer, Origin,Accept-Encoding","date":"Sat, 23 Oct 2021 14:52:29 GMT","server":"ESF","cache-control":"private","x-xss-protection":"0","x-frame-options":"SAMEORIGIN","x-content-type-options":"nosniff","alt-svc":"h3=\":443\"; ma=2592000,h3-29=\":443\"; ma=2592000,h3-Q050=\":443\"; ma=2592000,h3-Q046=\":443\"; ma=2592000,h3-Q043=\":443\"; ma=2592000","accept-ranges":"none","transfer-encoding":"chunked"}
[info] i  hosting[dohar-general-hospital]: beginning deploy... 
[info] i  hosting[dohar-general-hospital]: found 22 files in build 
[debug] [2021-10-23T14:52:13.416Z] > refreshing access token with scopes: []
[debug] [2021-10-23T14:52:13.417Z] >>> HTTP REQUEST POST https://www.googleapis.com/oauth2/v3/token  
 <request body omitted>
[debug] [2021-10-23T14:52:13.418Z] [hosting] hash cache [YnVpbGQ] stored for 22 files
[debug] [2021-10-23T14:52:13.418Z] [hosting][hash queue][FINAL] {"max":248,"min":3,"avg":20.5,"active":0,"complete":22,"success":22,"errored":0,"retried":0,"total":22,"elapsed":253}
[debug] [2021-10-23T14:52:13.713Z] <<< HTTP RESPONSE 200 {"pragma":"no-cache","date":"Sat, 23 Oct 2021 14:52:30 GMT","expires":"Mon, 01 Jan 1990 00:00:00 GMT","cache-control":"no-cache, no-store, max-age=0, must-revalidate","content-type":"application/json; charset=utf-8","vary":"X-Origin, Referer, Origin,Accept-Encoding","server":"scaffolding on HTTPServer2","x-xss-protection":"0","x-frame-options":"SAMEORIGIN","x-content-type-options":"nosniff","alt-svc":"h3=\":443\"; ma=2592000,h3-29=\":443\"; ma=2592000,h3-Q050=\":443\"; ma=2592000,h3-Q046=\":443\"; ma=2592000,h3-Q043=\":443\"; ma=2592000","accept-ranges":"none","transfer-encoding":"chunked"}
[debug] [2021-10-23T14:52:13.719Z] >>> [apiv2][query] POST https://firebasehosting.googleapis.com/v1beta1/sites/dohar-general-hospital/versions/bbf27d547a0a78e8:populateFiles [none]
[debug] [2021-10-23T14:52:13.719Z] >>> [apiv2][body] POST https://firebasehosting.googleapis.com/v1beta1/sites/dohar-general-hospital/versions/bbf27d547a0a78e8:populateFiles {"files":{"/favicon.ico":"eae62e993eb980ec8a25058c39d5a51feab118bd2100c4deebb2a9c158ec11f9","/logo.png":"a88a669e8acd11aa536d1ab32539c45328c7b52ce4a16bf8d244c06faeef831c","/logo192.png":"3ee59515172ee198f3be375979df15ac5345183e656720a381b8872b2a39dc8b","/logo512.png":"ee7e2f3fdb8209c4b6fd7bef6ba50d1b9dba30a25bb5c3126df057e1cb6f5331","/manifest.json":"aff3449bdc238776f5d6d967f19ec491b36aed5fb7f23ccff6500736fd58494a","/robots.txt":"bfe106a3fb878dc83461c86818bf74fc1bdc7f28538ba613cd3e775516ce8b49","/Data/services.json":"3fb494204cd89d8cef9cf1f85b57ed77b999f6a8593462847745be3c39e0e30d","/asset-manifest.json":"47d725e828973c00db2cb084f538c800e3bda7ce8632c65124778b65bf0a5323","/index.html":"36408ffadb8952fe5e17685d0cfdcb0827059c2a3ed0247dc06bbf864d3805b3","/static/css/main.e46d3a9e.chunk.css":"1135997d0302805662283ad6b07088aa51830155f365f9f9fd4b1df4b68a335a","/static/js/2.ac02932c.chunk.js.LICENSE.txt":"aea587baccbeb03e4b14386f5248ba83b32bc7d6da081537025be9ebb4ad69b5","/static/js/3.6635cb65.chunk.js.map":"40078336c6fdf49ab169d02e6342ba37b54d0b41aa075deb6a352dc985e88856","/static/css/main.e46d3a9e.chunk.css.map":"1f66bed896ae002e4d0aaf28615028b333fb5848d2fddf822947aa83b4a21fa6","/static/js/3.6635cb65.chunk.js":"12a4cbfd1cfa9362e6d552778f1e9a22f596a61c68ca636e5e57b16d6a1ccd5a","/static/js/main.42668906.chunk.js":"6879445ec4454105d21b1e6e5b4573d745a336e0753e35cb224394d00e1ffff1","/static/js/runtime-main.f342c7e8.js":"599473787c6b44f156fc2c4b49b0db6e7e6ee854921c673e9cb256b26c05e498","/static/js/runtime-main.f342c7e8.js.map":"64a50d7025741b243cb0c377efe42e09bc553cdc84385ac35f2fea72e35adfc4","/static/js/main.42668906.chunk.js.map":"c9aee9aa2435f74d1168931570445726ee0805815dfba1c310ec3b97b9e556c4","/static/media/Purchase.448c0c12.png":"24d7443405538500a93384c516efec43cd6274a61e204f6c03a36cb9e1db133d","/static/media/hero.7f04cbe9.png":"071de968148c1138270214fca0762733d7cfcdc4bf890ffca16a8aef9bcc3b36","/static/js/2.ac02932c.chunk.js":"848d5df08b2bc9b1640d1ee0dee064a57a37ced52bebfa5080b011476778b459","/static/js/2.ac02932c.chunk.js.map":"4f06d234db68ae4ccc75abd7b35ec24e68ceac8879d694fe8e09004221525359"}}
[debug] [2021-10-23T14:52:16.001Z] <<< [apiv2][status] POST https://firebasehosting.googleapis.com/v1beta1/sites/dohar-general-hospital/versions/bbf27d547a0a78e8:populateFiles 200
[debug] [2021-10-23T14:52:16.001Z] <<< [apiv2][body] POST https://firebasehosting.googleapis.com/v1beta1/sites/dohar-general-hospital/versions/bbf27d547a0a78e8:populateFiles {"uploadRequiredHashes":["36408ffadb8952fe5e17685d0cfdcb0827059c2a3ed0247dc06bbf864d3805b3","c9aee9aa2435f74d1168931570445726ee0805815dfba1c310ec3b97b9e556c4","6879445ec4454105d21b1e6e5b4573d745a336e0753e35cb224394d00e1ffff1","47d725e828973c00db2cb084f538c800e3bda7ce8632c65124778b65bf0a5323"],"uploadUrl":"https://upload-firebasehosting.googleapis.com/upload/sites/dohar-general-hospital/versions/bbf27d547a0a78e8/files"}
[debug] [2021-10-23T14:52:16.002Z] >>> [apiv2][query] POST https://upload-firebasehosting.googleapis.com/upload/sites/dohar-general-hospital/versions/bbf27d547a0a78e8/files/36408ffadb8952fe5e17685d0cfdcb0827059c2a3ed0247dc06bbf864d3805b3 [none]
[debug] [2021-10-23T14:52:16.003Z] >>> [apiv2][body] POST https://upload-firebasehosting.googleapis.com/upload/sites/dohar-general-hospital/versions/bbf27d547a0a78e8/files/36408ffadb8952fe5e17685d0cfdcb0827059c2a3ed0247dc06bbf864d3805b3 [stream]
[debug] [2021-10-23T14:52:16.004Z] >>> [apiv2][query] POST https://upload-firebasehosting.googleapis.com/upload/sites/dohar-general-hospital/versions/bbf27d547a0a78e8/files/c9aee9aa2435f74d1168931570445726ee0805815dfba1c310ec3b97b9e556c4 [none]
[debug] [2021-10-23T14:52:16.004Z] >>> [apiv2][body] POST https://upload-firebasehosting.googleapis.com/upload/sites/dohar-general-hospital/versions/bbf27d547a0a78e8/files/c9aee9aa2435f74d1168931570445726ee0805815dfba1c310ec3b97b9e556c4 [stream]
[debug] [2021-10-23T14:52:16.006Z] >>> [apiv2][query] POST https://upload-firebasehosting.googleapis.com/upload/sites/dohar-general-hospital/versions/bbf27d547a0a78e8/files/6879445ec4454105d21b1e6e5b4573d745a336e0753e35cb224394d00e1ffff1 [none]
[debug] [2021-10-23T14:52:16.006Z] >>> [apiv2][body] POST https://upload-firebasehosting.googleapis.com/upload/sites/dohar-general-hospital/versions/bbf27d547a0a78e8/files/6879445ec4454105d21b1e6e5b4573d745a336e0753e35cb224394d00e1ffff1 [stream]
[debug] [2021-10-23T14:52:16.007Z] >>> [apiv2][query] POST https://upload-firebasehosting.googleapis.com/upload/sites/dohar-general-hospital/versions/bbf27d547a0a78e8/files/47d725e828973c00db2cb084f538c800e3bda7ce8632c65124778b65bf0a5323 [none]
[debug] [2021-10-23T14:52:16.007Z] >>> [apiv2][body] POST https://upload-firebasehosting.googleapis.com/upload/sites/dohar-general-hospital/versions/bbf27d547a0a78e8/files/47d725e828973c00db2cb084f538c800e3bda7ce8632c65124778b65bf0a5323 [stream]
[debug] [2021-10-23T14:52:16.009Z] [hosting][populate queue][FINAL] {"max":2586,"min":2586,"avg":2586,"active":0,"complete":1,"success":1,"errored":0,"retried":0,"total":1,"elapsed":2593}
[debug] [2021-10-23T14:52:16.009Z] [hosting] uploads queued: 4
[debug] [2021-10-23T14:52:18.800Z] <<< [apiv2][status] POST https://upload-firebasehosting.googleapis.com/upload/sites/dohar-general-hospital/versions/bbf27d547a0a78e8/files/47d725e828973c00db2cb084f538c800e3bda7ce8632c65124778b65bf0a5323 200
[debug] [2021-10-23T14:52:18.801Z] <<< [apiv2][body] POST https://upload-firebasehosting.googleapis.com/upload/sites/dohar-general-hospital/versions/bbf27d547a0a78e8/files/47d725e828973c00db2cb084f538c800e3bda7ce8632c65124778b65bf0a5323 [stream]
[debug] [2021-10-23T14:52:18.941Z] <<< [apiv2][status] POST https://upload-firebasehosting.googleapis.com/upload/sites/dohar-general-hospital/versions/bbf27d547a0a78e8/files/36408ffadb8952fe5e17685d0cfdcb0827059c2a3ed0247dc06bbf864d3805b3 200
[debug] [2021-10-23T14:52:18.942Z] <<< [apiv2][body] POST https://upload-firebasehosting.googleapis.com/upload/sites/dohar-general-hospital/versions/bbf27d547a0a78e8/files/36408ffadb8952fe5e17685d0cfdcb0827059c2a3ed0247dc06bbf864d3805b3 [stream]
[debug] [2021-10-23T14:52:19.095Z] <<< [apiv2][status] POST https://upload-firebasehosting.googleapis.com/upload/sites/dohar-general-hospital/versions/bbf27d547a0a78e8/files/6879445ec4454105d21b1e6e5b4573d745a336e0753e35cb224394d00e1ffff1 200
[debug] [2021-10-23T14:52:19.096Z] <<< [apiv2][body] POST https://upload-firebasehosting.googleapis.com/upload/sites/dohar-general-hospital/versions/bbf27d547a0a78e8/files/6879445ec4454105d21b1e6e5b4573d745a336e0753e35cb224394d00e1ffff1 [stream]
[debug] [2021-10-23T14:52:19.119Z] <<< [apiv2][status] POST https://upload-firebasehosting.googleapis.com/upload/sites/dohar-general-hospital/versions/bbf27d547a0a78e8/files/c9aee9aa2435f74d1168931570445726ee0805815dfba1c310ec3b97b9e556c4 200
[debug] [2021-10-23T14:52:19.119Z] <<< [apiv2][body] POST https://upload-firebasehosting.googleapis.com/upload/sites/dohar-general-hospital/versions/bbf27d547a0a78e8/files/c9aee9aa2435f74d1168931570445726ee0805815dfba1c310ec3b97b9e556c4 [stream]
[debug] [2021-10-23T14:52:19.119Z] [hosting][upload queue][FINAL] {"max":3117,"min":2799,"avg":2987.75,"active":0,"complete":4,"success":4,"errored":0,"retried":0,"total":4,"elapsed":3118}
[info] +  hosting[dohar-general-hospital]: file upload complete 
[debug] [2021-10-23T14:52:19.120Z] [hosting] deploy completed after 5968ms
[debug] [2021-10-23T14:52:19.122Z] [
  {
    "config": {
      "public": "build",
      "rewrites": [
        {
          "source": "**",
          "destination": "/index.html"
        }
      ],
      "ignore": [
        "firebase.json",
        "**/.*",
        "**/node_modules/**"
      ],
      "site": "dohar-general-hospital"
    },
    "site": "dohar-general-hospital",
    "version": "sites/dohar-general-hospital/versions/bbf27d547a0a78e8"
  }
]
[info] i  hosting[dohar-general-hospital]: finalizing version... 
[debug] [2021-10-23T14:52:19.123Z] > refreshing access token with scopes: ["email","https://www.googleapis.com/auth/cloud-platform","https://www.googleapis.com/auth/cloudplatformprojects.readonly","https://www.googleapis.com/auth/firebase","openid"]
[debug] [2021-10-23T14:52:19.123Z] >>> HTTP REQUEST POST https://www.googleapis.com/oauth2/v3/token  
 <request body omitted>
[debug] [2021-10-23T14:52:19.387Z] <<< HTTP RESPONSE 200 {"pragma":"no-cache","cache-control":"no-cache, no-store, max-age=0, must-revalidate","date":"Sat, 23 Oct 2021 14:52:35 GMT","expires":"Mon, 01 Jan 1990 00:00:00 GMT","content-type":"application/json; charset=utf-8","vary":"X-Origin, Referer, Origin,Accept-Encoding","server":"scaffolding on HTTPServer2","x-xss-protection":"0","x-frame-options":"SAMEORIGIN","x-content-type-options":"nosniff","alt-svc":"h3=\":443\"; ma=2592000,h3-29=\":443\"; ma=2592000,h3-Q050=\":443\"; ma=2592000,h3-Q046=\":443\"; ma=2592000,h3-Q043=\":443\"; ma=2592000","accept-ranges":"none","transfer-encoding":"chunked"}
[debug] [2021-10-23T14:52:19.393Z] >>> HTTP REQUEST PATCH https://firebasehosting.googleapis.com/v1beta1/sites/dohar-general-hospital/versions/bbf27d547a0a78e8?updateMask=status  
 {"status":"FINALIZED"}
[debug] [2021-10-23T14:52:21.221Z] <<< HTTP RESPONSE 200 {"content-type":"application/json; charset=UTF-8","vary":"X-Origin, Referer, Origin,Accept-Encoding","date":"Sat, 23 Oct 2021 14:52:37 GMT","server":"ESF","cache-control":"private","x-xss-protection":"0","x-frame-options":"SAMEORIGIN","x-content-type-options":"nosniff","alt-svc":"h3=\":443\"; ma=2592000,h3-29=\":443\"; ma=2592000,h3-Q050=\":443\"; ma=2592000,h3-Q046=\":443\"; ma=2592000,h3-Q043=\":443\"; ma=2592000","accept-ranges":"none","transfer-encoding":"chunked"}
[debug] [2021-10-23T14:52:21.222Z] [hosting] finalized version for dohar-general-hospital: {"name":"sites/dohar-general-hospital/versions/bbf27d547a0a78e8","status":"FINALIZED","config":{"rewrites":[{"glob":"**","path":"/index.html"}]},"labels":{"deployment-tool":"cli-firebase"},"createTime":"2021-10-23T14:52:29.251561Z","createUser":{"email":"md.raisul.islam1332@gmail.com"},"finalizeTime":"2021-10-23T14:52:37.561186Z","finalizeUser":{"email":"md.raisul.islam1332@gmail.com"}}
[info] +  hosting[dohar-general-hospital]: version finalized 
[info] i  hosting[dohar-general-hospital]: releasing new version... 
[debug] [2021-10-23T14:52:21.223Z] >>> HTTP REQUEST POST https://firebasehosting.googleapis.com/v1beta1/sites/dohar-general-hospital/releases?version_name=sites/dohar-general-hospital/versions/bbf27d547a0a78e8  
 {"message":null}
